Performing system checks...

System check identified no issues (0 silenced).
May 10, 2015 - 21:23:40
Django version 1.8.1, using settings 'themostat.settings'
Starting development server at http://0.0.0.0:8080/
Quit the server with CONTROL-C.
Performing system checks...

System check identified no issues (0 silenced).
May 10, 2015 - 21:25:50
Django version 1.8.1, using settings 'themostat.settings'
Starting development server at http://0.0.0.0:8080/
Quit the server with CONTROL-C.
Performing system checks...

System check identified no issues (0 silenced).
May 10, 2015 - 21:27:07
Django version 1.8.1, using settings 'themostat.settings'
Starting development server at http://0.0.0.0:8080/
Quit the server with CONTROL-C.
Performing system checks...

System check identified no issues (0 silenced).
May 10, 2015 - 21:36:44
Django version 1.8.1, using settings 'themostat.settings'
Starting development server at http://0.0.0.0:8080/
Quit the server with CONTROL-C.
Performing system checks...

System check identified no issues (0 silenced).
May 10, 2015 - 21:37:45
Django version 1.8.1, using settings 'themostat.settings'
Starting development server at http://0.0.0.0:8080/
Quit the server with CONTROL-C.
Performing system checks...

System check identified no issues (0 silenced).
May 10, 2015 - 21:39:04
Django version 1.8.1, using settings 'themostat.settings'
Starting development server at http://0.0.0.0:8080/
Quit the server with CONTROL-C.
Performing system checks...

System check identified no issues (0 silenced).
May 10, 2015 - 21:47:50
Django version 1.8.1, using settings 'themostat.settings'
Starting development server at http://0.0.0.0:8080/
Quit the server with CONTROL-C.
