Performing system checks...

System check identified no issues (0 silenced).
May 10, 2015 - 21:13:05
Django version 1.8.1, using settings 'themostat.settings'
Starting development server at http://0.0.0.0:8080/
Quit the server with CONTROL-C.
Performing system checks...

System check identified no issues (0 silenced).
May 10, 2015 - 21:16:48
Django version 1.8.1, using settings 'themostat.settings'
Starting development server at http://0.0.0.0:8080/
Quit the server with CONTROL-C.
Performing system checks...

System check identified no issues (0 silenced).
May 10, 2015 - 21:18:17
Django version 1.8.1, using settings 'themostat.settings'
Starting development server at http://0.0.0.0:8080/
Quit the server with CONTROL-C.
Performing system checks...

System check identified no issues (0 silenced).
May 10, 2015 - 21:19:35
Django version 1.8.1, using settings 'themostat.settings'
Starting development server at http://0.0.0.0:8080/
Quit the server with CONTROL-C.
