Performing system checks...

System check identified no issues (0 silenced).
May 10, 2015 - 20:31:01
Django version 1.8.1, using settings 'themostat.settings'
Starting development server at http://0.0.0.0:8080/
Quit the server with CONTROL-C.
Performing system checks...

System check identified no issues (0 silenced).
May 10, 2015 - 20:32:15
Django version 1.8.1, using settings 'themostat.settings'
Starting development server at http://0.0.0.0:8080/
Quit the server with CONTROL-C.
Performing system checks...

System check identified no issues (0 silenced).
May 10, 2015 - 20:33:42
Django version 1.8.1, using settings 'themostat.settings'
Starting development server at http://0.0.0.0:8080/
Quit the server with CONTROL-C.
Performing system checks...

System check identified no issues (0 silenced).
May 10, 2015 - 20:49:38
Django version 1.8.1, using settings 'themostat.settings'
Starting development server at http://0.0.0.0:8080/
Quit the server with CONTROL-C.
